logs/sb1.2023-12-20-09-19.loglogs/sb1.2023-12-20-09-19.loglogs/sb1.2023-12-20-09-19.loglogs/sb1.2023-12-20-09-19.loglogs/sb1.2023-12-20-09-19.loglogs/sb1.2023-12-20-09-19.loglogs/sb1.2023-12-20-09-19.loglogs/sb1.2023-12-20-09-19.loglogs/sb1.2023-12-20-09-19.loglogs/sb1.2023-12-20-09-19.loglogs/sb1.2023-12-20-10-47.loglogs/sb1.2023-12-20-10-47.loglogs/sb1.2023-12-20-10-47.loglogs/sb1.2023-12-20-10-47.loglogs/sb1.2023-12-20-10-47.loglogs/sb1.2023-12-20-10-47.loglogs/sb1.2023-12-20-10-47.loglogs/sb1.2023-12-20-10-47.loglogs/sb1.2023-12-20-10-47.loglogs/sb1.2023-12-20-10-48.loglogs/sb1.2023-12-20-10-54.loglogs/sb1.2023-12-20-10-54.loglogs/sb1.2023-12-20-10-55.loglogs/sb1.2023-12-20-10-55.loglogs/sb1.2023-12-20-10-55.loglogs/sb1.2023-12-20-10-55.loglogs/sb1.2023-12-20-10-55.loglogs/sb1.2023-12-20-10-55.loglogs/sb1.2023-12-20-10-55.loglogs/sb1.2023-12-20-10-55.loglogs/sb1.2023-12-20-10-55.loglogs/sb1.2023-12-20-10-55.loglogs/sb1.2023-12-20-10-58.loglogs/sb1.2023-12-20-10-58.loglogs/sb1.2023-12-20-10-58.loglogs/sb1.2023-12-20-10-58.loglogs/sb1.2023-12-20-10-58.loglogs/sb1.2023-12-20-10-58.loglogs/sb1.2023-12-20-10-58.loglogs/sb1.2023-12-20-10-58.loglogs/sb1.2023-12-20-10-58.loglogs/sb1.2023-12-20-10-58.loglogs/sb1.2023-12-20-10-58.loglogs/sb1.2023-12-20-10-58.loglogs/sb1.2023-12-20-11-00.loglogs/sb1.2023-12-20-11-00.loglogs/sb1.2023-12-20-11-00.loglogs/sb1.2023-12-20-11-00.loglogs/sb1.2023-12-20-11-00.loglogs/sb1.2023-12-20-11-00.loglogs/sb1.2023-12-20-11-00.loglogs/sb1.2023-12-20-11-00.loglogs/sb1.2023-12-20-11-00.loglogs/sb1.2023-12-20-11-00.loglogs/sb1.2023-12-20-11-00.loglogs/sb1.2023-12-20-11-00.loglogs/sb1.2023-12-20-11-32.loglogs/sb1.2023-12-20-11-32.loglogs/sb1.2023-12-20-11-32.loglogs/sb1.2023-12-20-11-32.loglogs/sb1.2023-12-20-11-32.loglogs/sb1.2023-12-20-11-32.loglogs/sb1.2023-12-20-11-32.loglogs/sb1.2023-12-20-11-32.loglogs/sb1.2023-12-20-11-32.loglogs/sb1.2023-12-20-11-32.loglogs/sb1.2023-12-20-11-32.loglogs/sb1.2023-12-20-11-32.loglogs/sb1.2023-12-20-11-34.loglogs/sb1.2023-12-20-11-34.loglogs/sb1.2023-12-20-11-34.loglogs/sb1.2023-12-20-11-34.loglogs/sb1.2023-12-20-11-34.loglogs/sb1.2023-12-20-11-34.loglogs/sb1.2023-12-20-11-34.loglogs/sb1.2023-12-20-11-34.loglogs/sb1.2023-12-20-11-34.loglogs/sb1.2023-12-20-11-34.loglogs/sb1.2023-12-20-11-34.loglogs/sb1.2023-12-20-11-34.loglogs/sb1.2023-12-20-11-46.loglogs/sb1.2023-12-20-11-46.loglogs/sb1.2023-12-20-11-46.loglogs/sb1.2023-12-20-11-46.loglogs/sb1.2023-12-20-11-46.loglogs/sb1.2023-12-20-11-46.loglogs/sb1.2023-12-20-11-46.loglogs/sb1.2023-12-20-11-46.loglogs/sb1.2023-12-20-11-46.loglogs/sb1.2023-12-20-11-46.loglogs/sb1.2023-12-20-11-46.loglogs/sb1.2023-12-20-11-46.loglogs/sb1.2023-12-20-11-50.loglogs/sb1.2023-12-20-11-50.loglogs/sb1.2023-12-20-11-50.loglogs/sb1.2023-12-20-11-50.loglogs/sb1.2023-12-20-11-50.loglogs/sb1.2023-12-20-11-50.loglogs/sb1.2023-12-20-11-50.loglogs/sb1.2023-12-20-11-50.loglogs/sb1.2023-12-20-11-50.loglogs/sb1.2023-12-20-11-50.loglogs/sb1.2023-12-20-11-50.loglogs/sb1.2023-12-20-11-50.loglogs/sb1.2023-12-20-11-52.loglogs/sb1.2023-12-20-11-52.loglogs/sb1.2023-12-20-11-52.loglogs/sb1.2023-12-20-11-52.loglogs/sb1.2023-12-20-11-52.loglogs/sb1.2023-12-20-11-52.loglogs/sb1.2023-12-20-11-52.loglogs/sb1.2023-12-20-11-52.loglogs/sb1.2023-12-20-11-52.loglogs/sb1.2023-12-20-11-52.loglogs/sb1.2023-12-20-11-52.loglogs/sb1.2023-12-20-11-52.loglogs/sb1.2023-12-20-12-02.loglogs/sb1.2023-12-20-12-02.loglogs/sb1.2023-12-20-12-02.loglogs/sb1.2023-12-20-12-02.loglogs/sb1.2023-12-20-12-02.loglogs/sb1.2023-12-20-12-02.loglogs/sb1.2023-12-20-12-02.loglogs/sb1.2023-12-20-12-02.loglogs/sb1.2023-12-20-12-02.loglogs/sb1.2023-12-20-12-02.loglogs/sb1.2023-12-20-12-02.loglogs/sb1.2023-12-20-12-02.loglogs/sb1.2023-12-20-12-05.loglogs/sb1.2023-12-20-12-05.loglogs/sb1.2023-12-20-12-05.loglogs/sb1.2023-12-20-12-05.loglogs/sb1.2023-12-20-12-05.loglogs/sb1.2023-12-20-12-05.loglogs/sb1.2023-12-20-12-05.loglogs/sb1.2023-12-20-12-05.loglogs/sb1.2023-12-20-12-05.loglogs/sb1.2023-12-20-12-05.loglogs/sb1.2023-12-20-12-05.loglogs/sb1.2023-12-20-12-05.loglogs/sb1.2023-12-20-12-08.loglogs/sb1.2023-12-20-12-08.loglogs/sb1.2023-12-20-12-08.loglogs/sb1.2023-12-20-12-08.loglogs/sb1.2023-12-20-12-08.loglogs/sb1.2023-12-20-12-08.loglogs/sb1.2023-12-20-12-08.loglogs/sb1.2023-12-20-12-08.loglogs/sb1.2023-12-20-12-08.loglogs/sb1.2023-12-20-12-08.loglogs/sb1.2023-12-20-12-08.loglogs/sb1.2023-12-20-12-08.loglogs/sb1.2023-12-20-12-12.loglogs/sb1.2023-12-20-12-12.loglogs/sb1.2023-12-20-12-12.loglogs/sb1.2023-12-20-12-12.loglogs/sb1.2023-12-20-12-12.loglogs/sb1.2023-12-20-12-12.loglogs/sb1.2023-12-20-12-12.loglogs/sb1.2023-12-20-12-12.loglogs/sb1.2023-12-20-12-12.loglogs/sb1.2023-12-20-12-12.loglogs/sb1.2023-12-20-12-13.loglogs/sb1.2023-12-20-12-13.loglogs/sb1.2023-12-20-12-27.loglogs/sb1.2023-12-20-12-27.loglogs/sb1.2023-12-20-12-27.loglogs/sb1.2023-12-20-12-27.loglogs/sb1.2023-12-20-12-28.loglogs/sb1.2023-12-20-12-28.loglogs/sb1.2023-12-20-12-28.loglogs/sb1.2023-12-20-12-28.loglogs/sb1.2023-12-20-12-28.loglogs/sb1.2023-12-20-12-28.loglogs/sb1.2023-12-20-12-28.loglogs/sb1.2023-12-20-12-28.loglogs/sb1.2023-12-20-12-30.loglogs/sb1.2023-12-20-12-30.loglogs/sb1.2023-12-20-12-30.loglogs/sb1.2023-12-20-12-30.loglogs/sb1.2023-12-20-12-30.loglogs/sb1.2023-12-20-12-30.loglogs/sb1.2023-12-20-12-30.loglogs/sb1.2023-12-20-12-30.loglogs/sb1.2023-12-20-12-30.loglogs/sb1.2023-12-20-12-30.loglogs/sb1.2023-12-20-12-30.loglogs/sb1.2023-12-20-12-30.loglogs/sb1.2023-12-20-12-30.logjava.lang.IllegalArgumentException: Invalid character found in method name [0x160x030x010x020x000x010x000x010xfc0x030x030xbb0x930xca0x803(0xb5X0x0a00x8a0x1dO0xde0xfaRmt0xf50xd40xd8x0x07|0xf820x9b0x16T0x030x88g ]. HTTP method names must be tokens
	at org.apache.coyote.http11.Http11InputBuffer.parseRequestLine(Http11InputBuffer.java:407)
	at org.apache.coyote.http11.Http11Processor.service(Http11Processor.java:264)
	at org.apache.coyote.AbstractProcessorLight.process(AbstractProcessorLight.java:63)
	at org.apache.coyote.AbstractProtocol$ConnectionHandler.process(AbstractProtocol.java:896)
	at org.apache.tomcat.util.net.NioEndpoint$SocketProcessor.doRun(NioEndpoint.java:1744)
	at org.apache.tomcat.util.net.SocketProcessorBase.run(SocketProcessorBase.java:52)
	at org.apache.tomcat.util.threads.ThreadPoolExecutor.runWorker(ThreadPoolExecutor.java:1191)
	at org.apache.tomcat.util.threads.ThreadPoolExecutor$Worker.run(ThreadPoolExecutor.java:659)
	at org.apache.tomcat.util.threads.TaskThread$WrappingRunnable.run(TaskThread.java:61)
	at java.base/java.lang.Thread.run(Thread.java:833)
logs/sb1.2023-12-20-12-30.logjava.lang.IllegalArgumentException: Invalid character found in method name [0x160x030x010x02L0x010x000x02H0x030x030x970xa9'0xfcd0x030x18t0xf10x98[E0x0c0xac0xa40x1d[0xc70xe4q1,M;0xb2-=0xd30xdc0x090xb20x88 ]. HTTP method names must be tokens
	at org.apache.coyote.http11.Http11InputBuffer.parseRequestLine(Http11InputBuffer.java:407)
	at org.apache.coyote.http11.Http11Processor.service(Http11Processor.java:264)
	at org.apache.coyote.AbstractProcessorLight.process(AbstractProcessorLight.java:63)
	at org.apache.coyote.AbstractProtocol$ConnectionHandler.process(AbstractProtocol.java:896)
	at org.apache.tomcat.util.net.NioEndpoint$SocketProcessor.doRun(NioEndpoint.java:1744)
	at org.apache.tomcat.util.net.SocketProcessorBase.run(SocketProcessorBase.java:52)
	at org.apache.tomcat.util.threads.ThreadPoolExecutor.runWorker(ThreadPoolExecutor.java:1191)
	at org.apache.tomcat.util.threads.ThreadPoolExecutor$Worker.run(ThreadPoolExecutor.java:659)
	at org.apache.tomcat.util.threads.TaskThread$WrappingRunnable.run(TaskThread.java:61)
	at java.base/java.lang.Thread.run(Thread.java:833)
logs/sb1.2023-12-20-12-30.logjava.lang.IllegalArgumentException: Invalid character found in method name [0x160x030x010x020x000x010x000x010xfc0x030x030xe40x8f0x8090x052L0x000xd5\,0xdf#=A30xe0W0xb40xeeA0xba0x1a(0xc30xa00x02V30x9bz0xa4 ]. HTTP method names must be tokens
	at org.apache.coyote.http11.Http11InputBuffer.parseRequestLine(Http11InputBuffer.java:407)
	at org.apache.coyote.http11.Http11Processor.service(Http11Processor.java:264)
	at org.apache.coyote.AbstractProcessorLight.process(AbstractProcessorLight.java:63)
	at org.apache.coyote.AbstractProtocol$ConnectionHandler.process(AbstractProtocol.java:896)
	at org.apache.tomcat.util.net.NioEndpoint$SocketProcessor.doRun(NioEndpoint.java:1744)
	at org.apache.tomcat.util.net.SocketProcessorBase.run(SocketProcessorBase.java:52)
	at org.apache.tomcat.util.threads.ThreadPoolExecutor.runWorker(ThreadPoolExecutor.java:1191)
	at org.apache.tomcat.util.threads.ThreadPoolExecutor$Worker.run(ThreadPoolExecutor.java:659)
	at org.apache.tomcat.util.threads.TaskThread$WrappingRunnable.run(TaskThread.java:61)
	at java.base/java.lang.Thread.run(Thread.java:833)
logs/sb1.2023-12-20-12-42.loglogs/sb1.2023-12-20-12-42.loglogs/sb1.2023-12-20-12-42.loglogs/sb1.2023-12-20-12-42.loglogs/sb1.2023-12-20-12-42.loglogs/sb1.2023-12-20-12-42.loglogs/sb1.2023-12-20-12-42.loglogs/sb1.2023-12-20-12-42.loglogs/sb1.2023-12-20-12-42.loglogs/sb1.2023-12-20-12-42.loglogs/sb1.2023-12-20-12-42.loglogs/sb1.2023-12-20-12-42.loglogs/sb1.2023-12-20-12-42.logjava.lang.IllegalArgumentException: Invalid character found in method name [0x160x030x010x02,0x010x000x02(0x030x030x900xe3m0xa30xd800xbe/0xaf0x05"$0x900x8b0xac0xbe0xac0x01`0xfe0xc40xf70xfa3u0xaf]?0x93M0xad0xed ]. HTTP method names must be tokens
	at org.apache.coyote.http11.Http11InputBuffer.parseRequestLine(Http11InputBuffer.java:407)
	at org.apache.coyote.http11.Http11Processor.service(Http11Processor.java:264)
	at org.apache.coyote.AbstractProcessorLight.process(AbstractProcessorLight.java:63)
	at org.apache.coyote.AbstractProtocol$ConnectionHandler.process(AbstractProtocol.java:896)
	at org.apache.tomcat.util.net.NioEndpoint$SocketProcessor.doRun(NioEndpoint.java:1744)
	at org.apache.tomcat.util.net.SocketProcessorBase.run(SocketProcessorBase.java:52)
	at org.apache.tomcat.util.threads.ThreadPoolExecutor.runWorker(ThreadPoolExecutor.java:1191)
	at org.apache.tomcat.util.threads.ThreadPoolExecutor$Worker.run(ThreadPoolExecutor.java:659)
	at org.apache.tomcat.util.threads.TaskThread$WrappingRunnable.run(TaskThread.java:61)
	at java.base/java.lang.Thread.run(Thread.java:833)
logs/sb1.2023-12-20-12-44.loglogs/sb1.2023-12-20-12-44.loglogs/sb1.2023-12-20-12-44.loglogs/sb1.2023-12-20-12-44.loglogs/sb1.2023-12-20-12-44.loglogs/sb1.2023-12-20-12-44.loglogs/sb1.2023-12-20-12-44.loglogs/sb1.2023-12-20-12-44.loglogs/sb1.2023-12-20-12-44.loglogs/sb1.2023-12-20-12-44.loglogs/sb1.2023-12-20-12-44.loglogs/sb1.2023-12-20-12-44.loglogs/sb1.2023-12-20-12-46.loglogs/sb1.2023-12-20-12-46.loglogs/sb1.2023-12-20-12-46.loglogs/sb1.2023-12-20-12-46.loglogs/sb1.2023-12-20-12-46.loglogs/sb1.2023-12-20-12-46.loglogs/sb1.2023-12-20-12-46.loglogs/sb1.2023-12-20-12-46.loglogs/sb1.2023-12-20-12-46.loglogs/sb1.2023-12-20-12-46.loglogs/sb1.2023-12-20-12-46.loglogs/sb1.2023-12-20-12-46.loglogs/sb1.2023-12-20-12-46.loglogs/sb1.2023-12-20-12-46.loglogs/sb1.2023-12-20-12-46.loglogs/sb1.2023-12-20-12-46.loglogs/sb1.2023-12-20-12-46.loglogs/sb1.2023-12-20-12-46.loglogs/sb1.2023-12-20-12-46.loglogs/sb1.2023-12-20-12-46.loglogs/sb1.2023-12-20-12-46.loglogs/sb1.2023-12-20-12-46.loglogs/sb1.2023-12-20-12-47.loglogs/sb1.2023-12-20-12-48.loglogs/sb1.2023-12-20-12-48.loglogs/sb1.2023-12-20-12-48.loglogs/sb1.2023-12-20-12-48.loglogs/sb1.2023-12-20-12-48.loglogs/sb1.2023-12-20-12-48.loglogs/sb1.2023-12-20-12-48.loglogs/sb1.2023-12-20-12-48.loglogs/sb1.2023-12-20-12-48.loglogs/sb1.2023-12-20-12-48.loglogs/sb1.2023-12-20-12-48.loglogs/sb1.2023-12-20-12-48.loglogs/sb1.2023-12-20-12-49.loglogs/sb1.2023-12-20-12-49.loglogs/sb1.2023-12-20-12-49.loglogs/sb1.2023-12-20-12-49.loglogs/sb1.2023-12-20-12-49.loglogs/sb1.2023-12-20-12-49.loglogs/sb1.2023-12-20-12-49.loglogs/sb1.2023-12-20-12-49.loglogs/sb1.2023-12-20-12-49.loglogs/sb1.2023-12-20-12-49.loglogs/sb1.2023-12-20-12-49.loglogs/sb1.2023-12-20-12-49.loglogs/sb1.2023-12-20-12-49.loglogs/sb1.2023-12-20-12-49.loglogs/sb1.2023-12-20-12-49.loglogs/sb1.2023-12-20-12-49.loglogs/sb1.2023-12-20-12-49.loglogs/sb1.2023-12-20-12-49.loglogs/sb1.2023-12-20-12-49.loglogs/sb1.2023-12-20-12-49.loglogs/sb1.2023-12-20-12-49.loglogs/sb1.2023-12-20-12-49.loglogs/sb1.2023-12-20-12-49.loglogs/sb1.2023-12-20-14-15.loglogs/sb1.2023-12-20-14-15.loglogs/sb1.2023-12-20-14-15.loglogs/sb1.2023-12-20-14-15.loglogs/sb1.2023-12-20-14-15.loglogs/sb1.2023-12-20-14-15.loglogs/sb1.2023-12-20-14-15.loglogs/sb1.2023-12-20-14-15.loglogs/sb1.2023-12-20-14-15.loglogs/sb1.2023-12-20-14-15.loglogs/sb1.2023-12-20-14-15.loglogs/sb1.2023-12-20-14-15.loglogs/sb1.2023-12-20-14-17.loglogs/sb1.2023-12-20-14-17.loglogs/sb1.2023-12-20-14-17.loglogs/sb1.2023-12-20-14-17.loglogs/sb1.2023-12-20-14-17.loglogs/sb1.2023-12-20-14-17.loglogs/sb1.2023-12-20-14-17.loglogs/sb1.2023-12-20-14-17.loglogs/sb1.2023-12-20-14-17.loglogs/sb1.2023-12-20-14-17.loglogs/sb1.2023-12-20-14-17.loglogs/sb1.2023-12-20-14-17.loglogs/sb1.2023-12-20-14-27.loglogs/sb1.2023-12-20-14-27.loglogs/sb1.2023-12-20-14-27.loglogs/sb1.2023-12-20-14-27.loglogs/sb1.2023-12-20-14-27.loglogs/sb1.2023-12-20-14-27.loglogs/sb1.2023-12-20-14-27.loglogs/sb1.2023-12-20-14-27.loglogs/sb1.2023-12-20-14-27.loglogs/sb1.2023-12-20-14-27.loglogs/sb1.2023-12-20-14-27.loglogs/sb1.2023-12-20-14-27.loglogs/sb1.2023-12-20-14-34.loglogs/sb1.2023-12-20-14-34.loglogs/sb1.2023-12-20-14-34.loglogs/sb1.2023-12-20-14-34.loglogs/sb1.2023-12-20-14-34.loglogs/sb1.2023-12-20-14-34.loglogs/sb1.2023-12-20-14-34.loglogs/sb1.2023-12-20-14-34.loglogs/sb1.2023-12-20-14-34.loglogs/sb1.2023-12-20-14-34.loglogs/sb1.2023-12-20-14-34.loglogs/sb1.2023-12-20-14-34.loglogs/sb1.2023-12-20-14-39.loglogs/sb1.2023-12-20-14-39.loglogs/sb1.2023-12-20-14-39.loglogs/sb1.2023-12-20-14-39.loglogs/sb1.2023-12-20-14-39.loglogs/sb1.2023-12-20-14-39.loglogs/sb1.2023-12-20-14-39.loglogs/sb1.2023-12-20-14-39.loglogs/sb1.2023-12-20-14-39.loglogs/sb1.2023-12-20-14-39.loglogs/sb1.2023-12-20-14-39.loglogs/sb1.2023-12-20-14-39.loglogs/sb1.2023-12-20-14-41.loglogs/sb1.2023-12-20-14-41.loglogs/sb1.2023-12-20-14-41.loglogs/sb1.2023-12-20-14-41.loglogs/sb1.2023-12-20-14-41.loglogs/sb1.2023-12-20-14-41.loglogs/sb1.2023-12-20-14-41.loglogs/sb1.2023-12-20-14-41.loglogs/sb1.2023-12-20-14-41.loglogs/sb1.2023-12-20-14-41.loglogs/sb1.2023-12-20-14-41.loglogs/sb1.2023-12-20-14-41.loglogs/sb1.2023-12-20-14-42.loglogs/sb1.2023-12-20-14-42.loglogs/sb1.2023-12-20-14-42.loglogs/sb1.2023-12-20-14-42.loglogs/sb1.2023-12-20-14-42.loglogs/sb1.2023-12-20-14-42.loglogs/sb1.2023-12-20-14-42.loglogs/sb1.2023-12-20-14-42.loglogs/sb1.2023-12-20-14-42.loglogs/sb1.2023-12-20-14-42.loglogs/sb1.2023-12-20-14-42.loglogs/sb1.2023-12-20-14-42.loglogs/sb1.2023-12-20-14-56.loglogs/sb1.2023-12-20-14-56.loglogs/sb1.2023-12-20-14-56.loglogs/sb1.2023-12-20-14-56.loglogs/sb1.2023-12-20-14-56.loglogs/sb1.2023-12-20-14-56.loglogs/sb1.2023-12-20-14-56.loglogs/sb1.2023-12-20-14-56.loglogs/sb1.2023-12-20-14-56.loglogs/sb1.2023-12-20-14-56.loglogs/sb1.2023-12-20-14-56.loglogs/sb1.2023-12-20-14-56.loglogs/sb1.2023-12-20-14-56.logjava.lang.IllegalArgumentException: Invalid character found in method name [0x160x030x010x02,0x010x000x02(0x030x036K0xb5re0xdbVf0x120xbe0xe20xe2 ]. HTTP method names must be tokens
	at org.apache.coyote.http11.Http11InputBuffer.parseRequestLine(Http11InputBuffer.java:407)
	at org.apache.coyote.http11.Http11Processor.service(Http11Processor.java:264)
	at org.apache.coyote.AbstractProcessorLight.process(AbstractProcessorLight.java:63)
	at org.apache.coyote.AbstractProtocol$ConnectionHandler.process(AbstractProtocol.java:896)
	at org.apache.tomcat.util.net.NioEndpoint$SocketProcessor.doRun(NioEndpoint.java:1744)
	at org.apache.tomcat.util.net.SocketProcessorBase.run(SocketProcessorBase.java:52)
	at org.apache.tomcat.util.threads.ThreadPoolExecutor.runWorker(ThreadPoolExecutor.java:1191)
	at org.apache.tomcat.util.threads.ThreadPoolExecutor$Worker.run(ThreadPoolExecutor.java:659)
	at org.apache.tomcat.util.threads.TaskThread$WrappingRunnable.run(TaskThread.java:61)
	at java.base/java.lang.Thread.run(Thread.java:833)
logs/sb1.2023-12-20-14-57.logjava.lang.IllegalArgumentException: Invalid character found in method name [0x160x030x010x02L0x010x000x02H0x030x030x8c0xc00xb70xf90x100xd5t0xc60xbb0xb1L#0xe10x1f!0xbd0x9am0xa50xa80x8d0xdb0x130xcf0xbe0xc10xbb0xa80x0fA0x820 ]. HTTP method names must be tokens
	at org.apache.coyote.http11.Http11InputBuffer.parseRequestLine(Http11InputBuffer.java:407)
	at org.apache.coyote.http11.Http11Processor.service(Http11Processor.java:264)
	at org.apache.coyote.AbstractProcessorLight.process(AbstractProcessorLight.java:63)
	at org.apache.coyote.AbstractProtocol$ConnectionHandler.process(AbstractProtocol.java:896)
	at org.apache.tomcat.util.net.NioEndpoint$SocketProcessor.doRun(NioEndpoint.java:1744)
	at org.apache.tomcat.util.net.SocketProcessorBase.run(SocketProcessorBase.java:52)
	at org.apache.tomcat.util.threads.ThreadPoolExecutor.runWorker(ThreadPoolExecutor.java:1191)
	at org.apache.tomcat.util.threads.ThreadPoolExecutor$Worker.run(ThreadPoolExecutor.java:659)
	at org.apache.tomcat.util.threads.TaskThread$WrappingRunnable.run(TaskThread.java:61)
	at java.base/java.lang.Thread.run(Thread.java:833)
logs/sb1.2023-12-20-14-57.logjava.lang.IllegalArgumentException: Invalid character found in method name [0x160x030x010x02L0x010x000x02H0x030x030xfb[0xc10xdc0xf30x970xd90x7f0xed0x7f0x15|90xb1E0x860xc4-0x150x8fh0xad0xdf0xc4Di0xcd{ ]. HTTP method names must be tokens
	at org.apache.coyote.http11.Http11InputBuffer.parseRequestLine(Http11InputBuffer.java:407)
	at org.apache.coyote.http11.Http11Processor.service(Http11Processor.java:264)
	at org.apache.coyote.AbstractProcessorLight.process(AbstractProcessorLight.java:63)
	at org.apache.coyote.AbstractProtocol$ConnectionHandler.process(AbstractProtocol.java:896)
	at org.apache.tomcat.util.net.NioEndpoint$SocketProcessor.doRun(NioEndpoint.java:1744)
	at org.apache.tomcat.util.net.SocketProcessorBase.run(SocketProcessorBase.java:52)
	at org.apache.tomcat.util.threads.ThreadPoolExecutor.runWorker(ThreadPoolExecutor.java:1191)
	at org.apache.tomcat.util.threads.ThreadPoolExecutor$Worker.run(ThreadPoolExecutor.java:659)
	at org.apache.tomcat.util.threads.TaskThread$WrappingRunnable.run(TaskThread.java:61)
	at java.base/java.lang.Thread.run(Thread.java:833)
logs/sb1.2023-12-20-15-00.loglogs/sb1.2023-12-20-15-00.loglogs/sb1.2023-12-20-15-00.loglogs/sb1.2023-12-20-15-00.loglogs/sb1.2023-12-20-15-00.loglogs/sb1.2023-12-20-15-00.loglogs/sb1.2023-12-20-15-00.loglogs/sb1.2023-12-20-15-00.loglogs/sb1.2023-12-20-15-00.loglogs/sb1.2023-12-20-15-00.loglogs/sb1.2023-12-20-15-00.loglogs/sb1.2023-12-20-15-00.loglogs/sb1.2023-12-20-15-00.logjava.lang.IllegalArgumentException: Invalid character found in method name [0x160x030x010x020x000x010x000x010xfc0x030x03I0xccF0xe3gC0x1f0xb1vy0xb40xcd0xb4z0xbd0x8f0x0c0x7f0xb00x1fYc0xc6850xc90x8b0x8e0xf70xef0xf6o ]. HTTP method names must be tokens
	at org.apache.coyote.http11.Http11InputBuffer.parseRequestLine(Http11InputBuffer.java:407)
	at org.apache.coyote.http11.Http11Processor.service(Http11Processor.java:264)
	at org.apache.coyote.AbstractProcessorLight.process(AbstractProcessorLight.java:63)
	at org.apache.coyote.AbstractProtocol$ConnectionHandler.process(AbstractProtocol.java:896)
	at org.apache.tomcat.util.net.NioEndpoint$SocketProcessor.doRun(NioEndpoint.java:1744)
	at org.apache.tomcat.util.net.SocketProcessorBase.run(SocketProcessorBase.java:52)
	at org.apache.tomcat.util.threads.ThreadPoolExecutor.runWorker(ThreadPoolExecutor.java:1191)
	at org.apache.tomcat.util.threads.ThreadPoolExecutor$Worker.run(ThreadPoolExecutor.java:659)
	at org.apache.tomcat.util.threads.TaskThread$WrappingRunnable.run(TaskThread.java:61)
	at java.base/java.lang.Thread.run(Thread.java:833)
logs/sb1.2023-12-20-15-05.loglogs/sb1.2023-12-20-15-05.loglogs/sb1.2023-12-20-15-05.loglogs/sb1.2023-12-20-15-05.loglogs/sb1.2023-12-20-15-05.loglogs/sb1.2023-12-20-15-05.loglogs/sb1.2023-12-20-15-05.loglogs/sb1.2023-12-20-15-05.loglogs/sb1.2023-12-20-15-05.loglogs/sb1.2023-12-20-15-05.loglogs/sb1.2023-12-20-15-05.loglogs/sb1.2023-12-20-15-05.loglogs/sb1.2023-12-20-15-14.loglogs/sb1.2023-12-20-15-14.loglogs/sb1.2023-12-20-15-15.loglogs/sb1.2023-12-20-15-15.loglogs/sb1.2023-12-20-15-15.loglogs/sb1.2023-12-20-15-15.loglogs/sb1.2023-12-20-15-15.loglogs/sb1.2023-12-20-15-15.loglogs/sb1.2023-12-20-15-15.loglogs/sb1.2023-12-20-15-15.loglogs/sb1.2023-12-20-15-15.loglogs/sb1.2023-12-20-15-15.loglogs/sb1.2023-12-20-15-16.loglogs/sb1.2023-12-20-15-16.loglogs/sb1.2023-12-20-15-16.loglogs/sb1.2023-12-20-15-16.loglogs/sb1.2023-12-20-15-16.loglogs/sb1.2023-12-20-15-16.loglogs/sb1.2023-12-20-15-16.loglogs/sb1.2023-12-20-15-16.loglogs/sb1.2023-12-20-15-16.loglogs/sb1.2023-12-20-15-16.loglogs/sb1.2023-12-20-15-16.loglogs/sb1.2023-12-20-15-16.loglogs/sb1.2023-12-20-15-20.loglogs/sb1.2023-12-20-15-20.loglogs/sb1.2023-12-20-15-20.loglogs/sb1.2023-12-20-15-20.loglogs/sb1.2023-12-20-15-20.loglogs/sb1.2023-12-20-15-20.loglogs/sb1.2023-12-20-15-20.loglogs/sb1.2023-12-20-15-20.loglogs/sb1.2023-12-20-15-20.loglogs/sb1.2023-12-20-15-20.loglogs/sb1.2023-12-20-15-20.loglogs/sb1.2023-12-20-15-20.loglogs/sb1.2023-12-20-15-21.loglogs/sb1.2023-12-20-15-21.loglogs/sb1.2023-12-20-15-21.loglogs/sb1.2023-12-20-15-21.loglogs/sb1.2023-12-20-15-21.loglogs/sb1.2023-12-20-15-21.loglogs/sb1.2023-12-20-15-21.loglogs/sb1.2023-12-20-15-21.loglogs/sb1.2023-12-20-15-21.loglogs/sb1.2023-12-20-15-21.loglogs/sb1.2023-12-20-15-21.loglogs/sb1.2023-12-20-15-21.loglogs/sb1.2023-12-20-15-22.loglogs/sb1.2023-12-20-15-22.loglogs/sb1.2023-12-20-15-22.loglogs/sb1.2023-12-20-15-22.loglogs/sb1.2023-12-20-15-22.loglogs/sb1.2023-12-20-15-22.loglogs/sb1.2023-12-20-15-22.loglogs/sb1.2023-12-20-15-22.loglogs/sb1.2023-12-20-15-22.loglogs/sb1.2023-12-20-15-22.loglogs/sb1.2023-12-20-15-22.loglogs/sb1.2023-12-20-15-22.loglogs/sb1.2023-12-20-15-23.loglogs/sb1.2023-12-20-15-23.loglogs/sb1.2023-12-20-15-23.loglogs/sb1.2023-12-20-15-23.loglogs/sb1.2023-12-20-15-23.loglogs/sb1.2023-12-20-15-23.loglogs/sb1.2023-12-20-15-23.loglogs/sb1.2023-12-20-15-23.loglogs/sb1.2023-12-20-15-23.loglogs/sb1.2023-12-20-15-23.loglogs/sb1.2023-12-20-15-23.loglogs/sb1.2023-12-20-15-23.loglogs/sb1.2023-12-20-15-25.loglogs/sb1.2023-12-20-15-25.loglogs/sb1.2023-12-20-15-25.loglogs/sb1.2023-12-20-15-25.loglogs/sb1.2023-12-20-15-25.loglogs/sb1.2023-12-20-15-25.loglogs/sb1.2023-12-20-15-25.loglogs/sb1.2023-12-20-15-25.loglogs/sb1.2023-12-20-15-25.loglogs/sb1.2023-12-20-15-25.loglogs/sb1.2023-12-20-15-25.loglogs/sb1.2023-12-20-15-25.loglogs/sb1.2023-12-20-15-27.loglogs/sb1.2023-12-20-15-27.loglogs/sb1.2023-12-20-15-27.loglogs/sb1.2023-12-20-15-27.loglogs/sb1.2023-12-20-15-27.loglogs/sb1.2023-12-20-15-27.loglogs/sb1.2023-12-20-15-27.loglogs/sb1.2023-12-20-15-27.loglogs/sb1.2023-12-20-15-27.loglogs/sb1.2023-12-20-15-27.loglogs/sb1.2023-12-20-15-27.loglogs/sb1.2023-12-20-15-27.loglogs/sb1.2023-12-20-15-27.logjava.lang.IllegalArgumentException: Invalid character found in method name [0x160x030x010x02,0x010x000x02(0x030x03EB0x120x14#0x110x8b0x9b0xbe<\0x9f=0xd0~0xec0xe60x970xb50xe40xa6b0xfb70x8bPa0x100xc10xee0xb5o ]. HTTP method names must be tokens
	at org.apache.coyote.http11.Http11InputBuffer.parseRequestLine(Http11InputBuffer.java:407)
	at org.apache.coyote.http11.Http11Processor.service(Http11Processor.java:264)
	at org.apache.coyote.AbstractProcessorLight.process(AbstractProcessorLight.java:63)
	at org.apache.coyote.AbstractProtocol$ConnectionHandler.process(AbstractProtocol.java:896)
	at org.apache.tomcat.util.net.NioEndpoint$SocketProcessor.doRun(NioEndpoint.java:1744)
	at org.apache.tomcat.util.net.SocketProcessorBase.run(SocketProcessorBase.java:52)
	at org.apache.tomcat.util.threads.ThreadPoolExecutor.runWorker(ThreadPoolExecutor.java:1191)
	at org.apache.tomcat.util.threads.ThreadPoolExecutor$Worker.run(ThreadPoolExecutor.java:659)
	at org.apache.tomcat.util.threads.TaskThread$WrappingRunnable.run(TaskThread.java:61)
	at java.base/java.lang.Thread.run(Thread.java:833)
logs/sb1.2023-12-20-15-28.loglogs/sb1.2023-12-20-15-28.loglogs/sb1.2023-12-20-15-28.loglogs/sb1.2023-12-20-15-28.loglogs/sb1.2023-12-20-15-28.loglogs/sb1.2023-12-20-15-28.loglogs/sb1.2023-12-20-15-28.loglogs/sb1.2023-12-20-15-28.loglogs/sb1.2023-12-20-15-28.loglogs/sb1.2023-12-20-15-28.loglogs/sb1.2023-12-20-15-28.loglogs/sb1.2023-12-20-15-28.loglogs/sb1.2023-12-20-15-28.logjava.lang.IllegalArgumentException: Invalid character found in method name [0x160x030x010x02,0x010x000x02(0x030x030x130xeb0xfbH&,0x930xe880x1f_0x16/0x050x1e0xb60xe6K0x870x940x140xcb0x1cRu0xb90x8bb0x820xd2u0x9f ]. HTTP method names must be tokens
	at org.apache.coyote.http11.Http11InputBuffer.parseRequestLine(Http11InputBuffer.java:407)
	at org.apache.coyote.http11.Http11Processor.service(Http11Processor.java:264)
	at org.apache.coyote.AbstractProcessorLight.process(AbstractProcessorLight.java:63)
	at org.apache.coyote.AbstractProtocol$ConnectionHandler.process(AbstractProtocol.java:896)
	at org.apache.tomcat.util.net.NioEndpoint$SocketProcessor.doRun(NioEndpoint.java:1744)
	at org.apache.tomcat.util.net.SocketProcessorBase.run(SocketProcessorBase.java:52)
	at org.apache.tomcat.util.threads.ThreadPoolExecutor.runWorker(ThreadPoolExecutor.java:1191)
	at org.apache.tomcat.util.threads.ThreadPoolExecutor$Worker.run(ThreadPoolExecutor.java:659)
	at org.apache.tomcat.util.threads.TaskThread$WrappingRunnable.run(TaskThread.java:61)
	at java.base/java.lang.Thread.run(Thread.java:833)
logs/sb1.2023-12-20-15-28.logjava.lang.IllegalArgumentException: Invalid character found in method name [0x160x030x010x02L0x010x000x02H0x030x03S0xf20xa00xe40x1c0x0c[@Sxk:0x020x920xd5V`l0x9d0xfe#0xdc0x0c,0x040xe20xbd0x0b0x180x190x180xe6 ]. HTTP method names must be tokens
	at org.apache.coyote.http11.Http11InputBuffer.parseRequestLine(Http11InputBuffer.java:407)
	at org.apache.coyote.http11.Http11Processor.service(Http11Processor.java:264)
	at org.apache.coyote.AbstractProcessorLight.process(AbstractProcessorLight.java:63)
	at org.apache.coyote.AbstractProtocol$ConnectionHandler.process(AbstractProtocol.java:896)
	at org.apache.tomcat.util.net.NioEndpoint$SocketProcessor.doRun(NioEndpoint.java:1744)
	at org.apache.tomcat.util.net.SocketProcessorBase.run(SocketProcessorBase.java:52)
	at org.apache.tomcat.util.threads.ThreadPoolExecutor.runWorker(ThreadPoolExecutor.java:1191)
	at org.apache.tomcat.util.threads.ThreadPoolExecutor$Worker.run(ThreadPoolExecutor.java:659)
	at org.apache.tomcat.util.threads.TaskThread$WrappingRunnable.run(TaskThread.java:61)
	at java.base/java.lang.Thread.run(Thread.java:833)
logs/sb1.2023-12-20-15-28.logjava.lang.IllegalArgumentException: Invalid character found in method name [0x160x030x010x02L0x010x000x02H0x030x030xfe0xb4%0x8ec0xfc0x8d!0xa10xb00xfa0x9c0x8c0x890x02m0x1e0x860xf90x1cl!0x11c0x12E0x8e0x050xe80x190x070xa0 ]. HTTP method names must be tokens
	at org.apache.coyote.http11.Http11InputBuffer.parseRequestLine(Http11InputBuffer.java:407)
	at org.apache.coyote.http11.Http11Processor.service(Http11Processor.java:264)
	at org.apache.coyote.AbstractProcessorLight.process(AbstractProcessorLight.java:63)
	at org.apache.coyote.AbstractProtocol$ConnectionHandler.process(AbstractProtocol.java:896)
	at org.apache.tomcat.util.net.NioEndpoint$SocketProcessor.doRun(NioEndpoint.java:1744)
	at org.apache.tomcat.util.net.SocketProcessorBase.run(SocketProcessorBase.java:52)
	at org.apache.tomcat.util.threads.ThreadPoolExecutor.runWorker(ThreadPoolExecutor.java:1191)
	at org.apache.tomcat.util.threads.ThreadPoolExecutor$Worker.run(ThreadPoolExecutor.java:659)
	at org.apache.tomcat.util.threads.TaskThread$WrappingRunnable.run(TaskThread.java:61)
	at java.base/java.lang.Thread.run(Thread.java:833)
logs/sb1.2023-12-20-15-30.loglogs/sb1.2023-12-20-15-30.loglogs/sb1.2023-12-20-15-30.loglogs/sb1.2023-12-20-15-30.loglogs/sb1.2023-12-20-15-30.loglogs/sb1.2023-12-20-15-30.loglogs/sb1.2023-12-20-15-30.loglogs/sb1.2023-12-20-15-30.loglogs/sb1.2023-12-20-15-30.loglogs/sb1.2023-12-20-15-30.loglogs/sb1.2023-12-20-15-30.loglogs/sb1.2023-12-20-15-30.loglogs/sb1.2023-12-20-15-31.loglogs/sb1.2023-12-20-15-31.loglogs/sb1.2023-12-20-15-31.loglogs/sb1.2023-12-20-15-31.loglogs/sb1.2023-12-20-15-31.loglogs/sb1.2023-12-20-15-31.loglogs/sb1.2023-12-20-15-31.loglogs/sb1.2023-12-20-15-31.loglogs/sb1.2023-12-20-15-31.loglogs/sb1.2023-12-20-15-31.loglogs/sb1.2023-12-20-15-31.loglogs/sb1.2023-12-20-15-32.loglogs/sb1.2023-12-20-15-32.loglogs/sb1.2023-12-20-15-32.loglogs/sb1.2023-12-20-15-32.loglogs/sb1.2023-12-20-15-32.loglogs/sb1.2023-12-20-15-32.loglogs/sb1.2023-12-20-15-32.loglogs/sb1.2023-12-20-15-32.loglogs/sb1.2023-12-20-15-32.loglogs/sb1.2023-12-20-15-32.loglogs/sb1.2023-12-20-15-32.loglogs/sb1.2023-12-20-15-32.loglogs/sb1.2023-12-20-15-32.loglogs/sb1.2023-12-20-15-34.loglogs/sb1.2023-12-20-15-34.loglogs/sb1.2023-12-20-15-34.loglogs/sb1.2023-12-20-15-34.loglogs/sb1.2023-12-20-15-34.loglogs/sb1.2023-12-20-15-34.loglogs/sb1.2023-12-20-15-34.loglogs/sb1.2023-12-20-15-34.loglogs/sb1.2023-12-20-15-34.loglogs/sb1.2023-12-20-15-34.loglogs/sb1.2023-12-20-15-34.loglogs/sb1.2023-12-20-15-34.loglogs/sb1.2023-12-20-15-35.loglogs/sb1.2023-12-20-15-35.loglogs/sb1.2023-12-20-15-38.loglogs/sb1.2023-12-20-15-38.loglogs/sb1.2023-12-20-15-38.loglogs/sb1.2023-12-20-15-38.loglogs/sb1.2023-12-20-15-38.loglogs/sb1.2023-12-20-15-38.loglogs/sb1.2023-12-20-15-38.loglogs/sb1.2023-12-20-15-38.loglogs/sb1.2023-12-20-15-38.loglogs/sb1.2023-12-20-15-38.loglogs/sb1.2023-12-20-15-39.loglogs/sb1.2023-12-20-15-39.loglogs/sb1.2023-12-20-15-39.loglogs/sb1.2023-12-20-15-39.loglogs/sb1.2023-12-20-15-39.loglogs/sb1.2023-12-20-15-39.loglogs/sb1.2023-12-20-15-39.loglogs/sb1.2023-12-20-15-39.loglogs/sb1.2023-12-20-15-39.loglogs/sb1.2023-12-20-15-39.loglogs/sb1.2023-12-20-15-39.loglogs/sb1.2023-12-20-15-39.log